INFO:sim:172 - Generating IP...
Resolving generics for 'mode_rom'...
Applying external generics to 'mode_rom'...
Delivering associated files for 'mode_rom'...
Delivering EJava files for 'mode_rom'...
Generating implementation netlist for 'mode_rom'...
INFO:sim - Pre-processing HDL files for 'mode_rom'...
Running synthesis for 'mode_rom'
Running ngcbuild...
Writing VEO instantiation template for 'mode_rom'...
Writing Verilog behavioral simulation model for 'mode_rom'...
WARNING:sim - Overwriting existing file
   D:/mario/mario/ipcore_dir/tmp/_cg/mode_rom/doc/dist_mem_gen_v7_2_vinfo.html
   with file from view xilinx_documentation
Delivered 2 files into directory D:/mario/mario/ipcore_dir/tmp/_cg/mode_rom
Generating ASY schematic symbol...
INFO:sim:949 - Finished generation of ASY schematic symbol.
Generating SYM schematic symbol for 'mode_rom'...
Generating metadata file...
Generating ISE project file for 'mode_rom'...
Generating ISE project...
XCO file found: mode_rom.xco
XMDF file found: mode_rom_xmdf.tcl
Adding D:/mario/mario/ipcore_dir/tmp/_cg/mode_rom.asy -view all -origin_type
imported
Adding D:/mario/mario/ipcore_dir/tmp/_cg/mode_rom.ngc -view all -origin_type
created
Checking file "D:/mario/mario/ipcore_dir/tmp/_cg/mode_rom.ngc" for project
device match ...
File "D:/mario/mario/ipcore_dir/tmp/_cg/mode_rom.ngc" device information matches
project device.
Adding D:/mario/mario/ipcore_dir/tmp/_cg/mode_rom.sym -view all -origin_type
imported
Adding D:/mario/mario/ipcore_dir/tmp/_cg/mode_rom.v -view all -origin_type
created
INFO:HDLCompiler:1845 - Analyzing Verilog file
   "D:/mario/mario/ipcore_dir/tmp/_cg/mode_rom.v" into library work
INFO:ProjectMgmt - Parsing design hierarchy completed successfully.
Adding D:/mario/mario/ipcore_dir/tmp/_cg/mode_rom.veo -view all -origin_type
imported
INFO:TclTasksC:2116 - The automatic calculation of top has been turned-off.
   Please set the new top explicitly by running the "project set top" command.
   To re-calculate the new top automatically, set the "Auto Implementation Top"
   property to true.
Top level has been set to "/mode_rom"
Generating README file...
Generating FLIST file...
INFO:sim:948 - Finished FLIST file generation.
Launching README viewer...
Moving files to output directory...
Finished moving files to output directory
Wrote CGP file for project 'mode_rom'.
