ISim log file
Running: D:\mario\mario\dsiplay_test1_isim_beh.exe -intstyle ise -gui -tclbatch isim.cmd -wdb D:/mario/mario/dsiplay_test1_isim_beh.wdb 
ISim P.20131013 (signature 0x7708f090)
This is a Full version of ISim.
WARNING:  For instance test1/d_2/, width 13 of formal port a is not equal to width 32 of actual constant.
WARNING:  For instance test1/d_3/, width 8 of formal port a is not equal to width 32 of actual constant.
WARNING:  For instance test1/d_6/, width 8 of formal port a is not equal to width 32 of actual constant.
WARNING:  For instance test1/d_4/, width 11 of formal port a is not equal to width 32 of actual constant.
WARNING:  For instance test1/d_5/, width 6 of formal port a is not equal to width 10 of actual constant.
Time resolution is 1 ps
# onerror resume
# wave add /
# run 1000 ns
Simulator is doing circuit initialization process.
WARNING: This core is supplied with a behavioral model. To model cycle-accurate behavior you must run timing simulation.
WARNING: This core is supplied with a behavioral model. To model cycle-accurate behavior you must run timing simulation.
WARNING: This core is supplied with a behavioral model. To model cycle-accurate behavior you must run timing simulation.
WARNING: This core is supplied with a behavioral model. To model cycle-accurate behavior you must run timing simulation.
WARNING: This core is supplied with a behavioral model. To model cycle-accurate behavior you must run timing simulation.
Finished circuit initialization process.
