--------------------------------------------------------------------------------
Release 14.7 Trace  (nt64)
Copyright (c) 1995-2013 Xilinx, Inc.  All rights reserved.

C:\XilinxISE\14.7\ISE_DS\ISE\bin\nt64\unwrapped\trce.exe -intstyle ise -v 3 -s
1 -n 3 -fastpaths -xml top.twx top.ncd -o top.twr top.pcf

Design file:              top.ncd
Physical constraint file: top.pcf
Device,package,speed:     xc7k160t,ffg676,C,-1 (PRODUCTION 1.10 2013-10-13)
Report level:             verbose report

Environment Variable      Effect 
--------------------      ------ 
NONE                      No environment variables were set
--------------------------------------------------------------------------------

INFO:Timing:2698 - No timing constraints found, doing default enumeration.
INFO:Timing:3412 - To improve timing, see the Timing Closure User Guide (UG612).
INFO:Timing:2752 - To get complete path coverage, use the unconstrained paths 
   option. All paths that are not constrained will be reported in the 
   unconstrained paths section(s) of the report.
INFO:Timing:3339 - The clock-to-out numbers in this timing report are based on 
   a 50 Ohm transmission line loading model.  For the details of this model, 
   and for more information on accounting for different loading conditions, 
   please see the device datasheet.



Data Sheet report:
-----------------
All values displayed in nanoseconds (ns)

Clock clk to Pad
------------+-----------------+------------+-----------------+------------+------------------+--------+
            |Max (slowest) clk|  Process   |Min (fastest) clk|  Process   |                  | Clock  |
Destination |  (edge) to PAD  |   Corner   |  (edge) to PAD  |   Corner   |Internal Clock(s) | Phase  |
------------+-----------------+------------+-----------------+------------+------------------+--------+
AN<0>       |        12.499(R)|      SLOW  |         4.790(R)|      FAST  |clk_BUFGP         |   0.000|
AN<1>       |        12.263(R)|      SLOW  |         4.694(R)|      FAST  |clk_BUFGP         |   0.000|
AN<2>       |        12.485(R)|      SLOW  |         4.776(R)|      FAST  |clk_BUFGP         |   0.000|
AN<3>       |        12.289(R)|      SLOW  |         4.719(R)|      FAST  |clk_BUFGP         |   0.000|
seg<0>      |        12.832(R)|      SLOW  |         4.774(R)|      FAST  |clk_BUFGP         |   0.000|
seg<1>      |        13.108(R)|      SLOW  |         4.870(R)|      FAST  |clk_BUFGP         |   0.000|
seg<2>      |        12.809(R)|      SLOW  |         4.864(R)|      FAST  |clk_BUFGP         |   0.000|
seg<3>      |        12.689(R)|      SLOW  |         4.702(R)|      FAST  |clk_BUFGP         |   0.000|
seg<4>      |        12.815(R)|      SLOW  |         4.817(R)|      FAST  |clk_BUFGP         |   0.000|
seg<5>      |        12.798(R)|      SLOW  |         4.853(R)|      FAST  |clk_BUFGP         |   0.000|
seg<6>      |        12.923(R)|      SLOW  |         4.702(R)|      FAST  |clk_BUFGP         |   0.000|
------------+-----------------+------------+-----------------+------------+------------------+--------+

Clock to Setup on destination clock clk
---------------+---------+---------+---------+---------+
               | Src:Rise| Src:Fall| Src:Rise| Src:Fall|
Source Clock   |Dest:Rise|Dest:Rise|Dest:Fall|Dest:Fall|
---------------+---------+---------+---------+---------+
clk            |    2.502|         |         |         |
---------------+---------+---------+---------+---------+

Clock to Setup on destination clock clr
---------------+---------+---------+---------+---------+
               | Src:Rise| Src:Fall| Src:Rise| Src:Fall|
Source Clock   |Dest:Rise|Dest:Rise|Dest:Fall|Dest:Fall|
---------------+---------+---------+---------+---------+
clk            |         |         |   76.614|         |
clr            |         |         |    2.279|    2.279|
---------------+---------+---------+---------+---------+


Analysis completed Fri Dec 29 20:07:35 2023 
--------------------------------------------------------------------------------

Trace Settings:
-------------------------
Trace Settings 

Peak Memory Usage: 5617 MB



